<?xml version="1.0" encoding="UTF-8"?>
<testsuite xmlns:xsi="http://www.w3.org/2001/XMLSchema-instance" xsi:noNamespaceSchemaLocation="https://maven.apache.org/surefire/maven-surefire-plugin/xsd/surefire-test-report-3.0.xsd" version="3.0" name="TestSuite" time="13.03" tests="3" errors="0" skipped="0" failures="0">
  <properties>
[...]
</properties>
  <testcase name="executSessionOne" classname="testNG.RunParallel" time="10.633"/>
  <testcase name="executSessionThree" classname="testNG.RunParallel" time="10.773"/>
  <testcase name="executeSessionTwo" classname="testNG.RunParallel" time="10.806"/>
</testsuite>